<?xml version="1.0" encoding="UTF-8"?>
<!-- Generated by org.testng.reporters.JUnitReportReporter -->
<testsuite hostname="LAPTOP-0NT22F0F" failures="0" tests="2" name="com.crm.qa.testcases.LoginPageTest" time="11.569" errors="0" timestamp="2022-09-19T17:16:10 BST" skipped="0">
  <testcase classname="com.crm.qa.testcases.LoginPageTest" name="T04_LoginPageTittleTest" time="3.566"/>
  <system-out/>
  <testcase classname="com.crm.qa.testcases.LoginPageTest" name="T05_LoginTest" time="8.003"/>
  <system-out/>
</testsuite> <!-- com.crm.qa.testcases.LoginPageTest -->
